============= test session starts =============
platform win32 -- Python 3.12.5, pytest-8.2.1, pluggy-1.6.0
rootdir: C:\Users\Akash_Singh7\source_random\BrowserStack\Python
plugins: anyio-4.9.0, Faker-37.1.0, base-url-2.1.0, playwright-0.7.0, xdist-3.6.1
collected 4 items                              

tests\test_browserstack.py
DevTools listening on ws://127.0.0.1:53761/devtools/browser/d532be78-c6e3-4773-abc5-608090ba4bee
[29608:32572:0625/222921.318:ERROR:chrome\browser\task_manager\providers\fallback_task_provider.cc:126] Every renderer should have at least one task provided by a primary task provider. If a "Renderer" fallback task is shown, it is a bug. If you have repro steps, please file a new bug and tag it as a dependency of crbug.com/739782.   
.
DevTools listening on ws://127.0.0.1:53842/devtools/browser/050bc876-c0d2-4874-a16f-4d8a2c0b8de9
[42712:2468:0625/222937.595:ERROR:chrome\browser\task_manager\providers\fallback_task_provider.cc:126] Every renderer should have at least one task provided by a primary task provider. If a "Renderer" fallback task is shown, it is a bug. If you have repro steps, please file a new bug and tag it as a dependency of crbug.com/739782.    
[42712:2468:0625/222948.478:ERROR:chrome\browser\task_manager\providers\fallback_task_provider.cc:126] Every renderer should have at least one task provided by a primary task provider. If a "Renderer" fallback task is shown, it is a bug. If you have repro steps, please file a new bug and tag it as a dependency of crbug.com/739782.    
[42712:2468:0625/222951.903:ERROR:chrome\browser\task_manager\providers\fallback_task_provider.cc:126] Every renderer should have at least one task provided by a primary task provider. If a "Renderer" fallback task is shown, it is a bug. If you have repro steps, please file a new bug and tag it as a dependency of crbug.com/739782.    

--- Article 1 ---
Title: Opa con frenos
Content: Las duras condiciones del Gobierno a la operación del BBVA sobre el Sabadell ralentizan la fusión y retrasan las sinergias previstas   
Image: No image

--- Article 2 ---
Title: No todo vale para hacer oposición        
Content: Lanzar acusaciones sin pruebas sobre las elecciones generales como hace el PP siembra en la ciudadanía la desconfianza hacia la democracia
Image: No image

--- Article 3 ---
Title: El debate | ¿Hay que reducir los aforamientos en España?
Content: Limitar el número de cargos con un fuero especial fue una promesa estrella de la nueva política. Diez años después, solo se ha concretado en algunas comunidades autónomas. Los casos de corrupción vuelven a poner el asunto sobre la mesa
Image: No image

--- Article 4 ---
Title: No en mi nombre
Content: La masacre que Israel está cometiendo en Gaza me lleva a preguntarme cómo ser judío después de ese horror
Image: https://imagenes.elpais.com/resizer/v2/S73LVCGMFBGWXMFXYLM6K3BBD4.jpg?auth=48631e18bfcd634a6896f691f79aff6c1e8a3e1fb6c6a067e717c1de6b4a7cc2&width=414

--- Article 5 ---
Title: ‘Doble clic’
Content: Esta ambiciosa propuesta consiste en capturar, en una sola imagen, a un músico internacional posando para su cámara, y luego mostrar a ese mismo artista desplegando toda su energía en una actuación en directo. El uso exclusivo del blanco y negro refuerza la complicidad entre las dos miradas: la del artista consigo mismo y la que dirige al público, al fotógrafo o al objetivo. Esta dualidad genera una narrativa visual poderosa, donde cada retrato revela distintas facetas del mismo personaje. La mayoría de las fotografías provienen de la era analógica, lo que añade un valor documental y artístico adicional al conjunto
Image: https://imagenes.elpais.com/resizer/v2/QKPBFNMXAFCQDKI3FVUQSSLGCE.jpg?auth=dc061e48d53b13114de13b2222fbd53b8de7a4c58d0ac4a9b72c618c27c5d866&width=414&height=233&smart=true
.
DevTools listening on ws://127.0.0.1:54071/devtools/browser/eef4a538-2cd4-4ecf-b0e7-dd2fd5310493
[41900:9148:0625/223008.748:ERROR:chrome\browser\task_manager\providers\fallback_task_provider.cc:126] Every renderer should have at least one task provided by a primary task provider. If a "Renderer" fallback task is shown, it is a bug. If you have repro steps, please file a new bug and tag it as a dependency of crbug.com/739782.    
[41900:9148:0625/223022.401:ERROR:chrome\browser\task_manager\providers\fallback_task_provider.cc:126] Every renderer should have at least one task provided by a primary task provider. If a "Renderer" fallback task is shown, it is a bug. If you have repro steps, please file a new bug and tag it as a dependency of crbug.com/739782.    

Translated Titles:
[41900:9148:0625/223029.466:ERROR:chrome\browser\task_manager\providers\fallback_task_provider.cc:126] Every renderer should have at least one task provided by a primary task provider. If a "Renderer" fallback task is shown, it is a bug. If you have repro steps, please file a new bug and tag it as a dependency of crbug.com/739782.    
1. Opa with brakes
2. Not everything is worth it to oppose
3. The debate | Should the number of legal jurisdictions in Spain be reduced?
4. Not in my name
5. Double click
.
DevTools listening on ws://127.0.0.1:54359/devtools/browser/be4c4147-e8c0-4bc1-9c96-ba732b948bee
[42908:22160:0625/223044.490:ERROR:chrome\browser\task_manager\providers\fallback_task_provider.cc:126] Every renderer should have at least one task provided by a primary task provider. If a "Renderer" fallback task is shown, it is a bug. If you have repro steps, please file a new bug and tag it as a dependency of crbug.com/739782.   
[42908:22160:0625/223059.675:ERROR:chrome\browser\task_manager\providers\fallback_task_provider.cc:126] Every renderer should have at least one task provided by a primary task provider. If a "Renderer" fallback task is shown, it is a bug. If you have repro steps, please file a new bug and tag it as a dependency of crbug.com/739782.   

Translated Titles:
1. Opa with brakes
2. Not everything is worth it to oppose
[42908:22160:0625/223107.895:ERROR:chrome\browser\task_manager\providers\fallback_task_provider.cc:126] Every renderer should have at least one task provided by a primary task provider. If a "Renderer" fallback task is shown, it is a bug. If you have repro steps, please file a new bug and tag it as a dependency of crbug.com/739782.   
3. The debate | Should the number of legal jurisdictions in Spain be reduced?
4. Not in my name
5. Double click

Repeated words:
'not': 2
'the': 2
'in': 2
.
======== 4 passed in 120.31s (0:02:00) ======== 